


ARM Macro Assembler    Page 1 


    1 00000000         
    2 00000000         ;/******************************************************
                       *********************
    3 00000000         ; *                                                     
                                           *
    4 00000000         ; * Copyright (c) 2015 Nuvoton Technology. All rights re
                       served.             *
    5 00000000         ; *                                                     
                                           *
    6 00000000         ; ******************************************************
                       *********************/
    7 00000000         ;
    8 00000000         
    9 00000000                 AREA             NUC_INIT, CODE, READONLY
   10 00000000         
   11 00000000         ;--------------------------------------------
   12 00000000         ; Mode bits and interrupt flag (I&F) defines
   13 00000000         ;--------------------------------------------
   14 00000000 00000010 
                       USR_MODE
                               EQU              0x10
   15 00000000 00000011 
                       FIQ_MODE
                               EQU              0x11
   16 00000000 00000012 
                       IRQ_MODE
                               EQU              0x12
   17 00000000 00000013 
                       SVC_MODE
                               EQU              0x13
   18 00000000 00000017 
                       ABT_MODE
                               EQU              0x17
   19 00000000 0000001B 
                       UDF_MODE
                               EQU              0x1B
   20 00000000 0000001F 
                       SYS_MODE
                               EQU              0x1F
   21 00000000         
   22 00000000 00000080 
                       I_BIT   EQU              0x80
   23 00000000 00000040 
                       F_BIT   EQU              0x40
   24 00000000         
   25 00000000         ;----------------------------
   26 00000000         ; System / User Stack Memory
   27 00000000         ;----------------------------
   28 00000000         ;RAM_Limit       EQU     0x2000000            ; For unex
                       panded hardware board 32MB
   29 00000000 04000000 
                       RAM_Limit
                               EQU              0x4000000   ; For unexpanded ha
                                                            rdware board 64MB
   30 00000000         
   31 00000000 04000000 
                       UND_Stack
                               EQU              RAM_Limit
   32 00000000 03FFFF00 



ARM Macro Assembler    Page 2 


                       Abort_Stack
                               EQU              RAM_Limit-256
   33 00000000 03FFFE00 
                       FIQ_Stack
                               EQU              RAM_Limit-512 ; followed by IRQ
                                                             stack
   34 00000000 03FFFC00 
                       SVC_Stack
                               EQU              RAM_Limit-1024 ; SVC stack at t
                                                            op of memory
   35 00000000 03FFF800 
                       IRQ_Stack
                               EQU              RAM_Limit-2048 ; followed by IR
                                                            Q stack
   36 00000000 03FFD800 
                       USR_Stack
                               EQU              RAM_Limit-10240
   37 00000000         
   38 00000000         
   39 00000000                 ENTRY
   40 00000000                 EXPORT           Reset_Go
   41 00000000         
   42 00000000                 EXPORT           Vector_Table
   43 00000000         Vector_Table
   44 00000000 EAFFFFFE        B                Reset_Go    ; Modified to be re
                                                            lative jumb for ext
                                                            ernal boot
   45 00000004 E59FF018        LDR              PC, Undefined_Addr
   46 00000008 E59FF018        LDR              PC, SWI_Addr
   47 0000000C E59FF018        LDR              PC, Prefetch_Addr
   48 00000010 E59FF018        LDR              PC, Abort_Addr
   49 00000014 00000000        DCD              0x0
   50 00000018 E59FF018        LDR              PC, IRQ_Addr
   51 0000001C E59FF018        LDR              PC, FIQ_Addr
   52 00000020         
   53 00000020         ;by sam
   54 00000020                 IMPORT           vPortYieldProcessor
   55 00000020                 IMPORT           vFreeRTOS_ISR
   56 00000020         
   57 00000020         
   58 00000020 00000000 
                       Reset_Addr
                               DCD              Reset_Go
   59 00000024 00000000 
                       Undefined_Addr
                               DCD              Undefined_Handler
   60 00000028 00000000 
                       SWI_Addr
                               DCD              vPortYieldProcessor ;SWI_Handle
                                                            r1,  by sam
   61 0000002C         ;SWI_Addr        DCD     SWI_Handler1 
   62 0000002C 00000000 
                       Prefetch_Addr
                               DCD              Prefetch_Handler
   63 00000030 00000000 
                       Abort_Addr
                               DCD              Abort_Handler
   64 00000034 00000000        DCD              0
   65 00000038 00000000 



ARM Macro Assembler    Page 3 


                       IRQ_Addr
                               DCD              vFreeRTOS_ISR ;IRQ_Handler ;by 
                                                            sam
   66 0000003C 00000000 
                       FIQ_Addr
                               DCD              FIQ_Handler
   67 00000040         
   68 00000040         
   69 00000040         ; ************************
   70 00000040         ; Exception Handlers
   71 00000040         ; ************************
   72 00000040         
   73 00000040         ; The following dummy handlers do not do anything useful
                        in this example.
   74 00000040         ; They are set up here for completeness.
   75 00000040         
   76 00000040         Undefined_Handler
   77 00000040 EAFFFFFE        B                Undefined_Handler
   78 00000044         SWI_Handler1
   79 00000044 EAFFFFFE        B                SWI_Handler1
   80 00000048         ;vPortYieldProcessor
   81 00000048         ;        B       vPortYieldProcessor
   82 00000048         Prefetch_Handler
   83 00000048 EAFFFFFE        B                Prefetch_Handler
   84 0000004C         Abort_Handler
   85 0000004C EAFFFFFE        B                Abort_Handler
   86 00000050         ;IRQ_Handler
   87 00000050         ;        B       IRQ_Handler
   88 00000050         ;vFreeRTOS_ISR
   89 00000050         ;        B       vFreeRTOS_ISR
   90 00000050         FIQ_Handler
   91 00000050 EAFFFFFE        B                FIQ_Handler
   92 00000054         
   93 00000054         
   94 00000054         Reset_Go
   95 00000054         
   96 00000054         ;--------------------------------
   97 00000054         ; Initial Stack Pointer register
   98 00000054         ;--------------------------------
   99 00000054         ;INIT_STACK
  100 00000054 E321F0DB        MSR              CPSR_c, #UDF_MODE :OR: I_BIT :O
R: F_BIT
  101 00000058 E59FD034        LDR              SP, =UND_Stack
  102 0000005C         
  103 0000005C E321F0D7        MSR              CPSR_c, #ABT_MODE :OR: I_BIT :O
R: F_BIT
  104 00000060 E59FD030        LDR              SP, =Abort_Stack
  105 00000064         
  106 00000064 E321F0D2        MSR              CPSR_c, #IRQ_MODE :OR: I_BIT :O
R: F_BIT
  107 00000068 E59FD02C        LDR              SP, =IRQ_Stack
  108 0000006C         
  109 0000006C E321F0D1        MSR              CPSR_c, #FIQ_MODE :OR: I_BIT :O
R: F_BIT
  110 00000070 E59FD028        LDR              SP, =FIQ_Stack
  111 00000074         
  112 00000074 E321F0DF        MSR              CPSR_c, #SYS_MODE :OR: I_BIT :O
R: F_BIT
  113 00000078 E59FD024        LDR              SP, =USR_Stack



ARM Macro Assembler    Page 4 


  114 0000007C         
  115 0000007C E321F0D3        MSR              CPSR_c, #SVC_MODE :OR: I_BIT :O
R: F_BIT
  116 00000080 E59FD020        LDR              SP, =SVC_Stack
  117 00000084         
  118 00000084         ;------------------------------------------------------
  119 00000084         ; Set the normal exception vector of CP15 control bit
  120 00000084         ;------------------------------------------------------
  121 00000084 EE110F10        MRC              p15, 0, r0 , c1, c0 ; r0 := cp1
                                                            5 register 1
  122 00000088 E3C00A02        BIC              r0, r0, #0x2000 
                                                            ; Clear bit13 in r1
                                                            
  123 0000008C EE010F10        MCR              p15, 0, r0 , c1, c0 ; cp15 regi
                                                            ster 1 := r0
  124 00000090         
  125 00000090         
  126 00000090                 IMPORT           __main
  127 00000090         ;-----------------------------
  128 00000090         ;   enter the C code
  129 00000090         ;-----------------------------
  130 00000090 EAFFFFFE        B                __main
  131 00000094         
  132 00000094                 END
              04000000 
              03FFFF00 
              03FFF800 
              03FFFE00 
              03FFD800 
              03FFFC00 
Command Line: --debug --xref --cpu=ARM926EJ-S --apcs=interwork --depend=.\obj\s
tartup_nuc970.d -o.\obj\startup_nuc970.o -IC:\Keil\ARM\RV31\INC -IC:\Keil\ARM\C
MSIS\Include -IC:\Keil\ARM\Inc\Toshiba --list=.\lst\startup_nuc970.lst ..\..\co
mmon\src\BSP\Driver\Source\startup_NUC970.s



ARM Macro Assembler    Page 1 Alphabetic symbol ordering
Relocatable symbols

Abort_Addr 00000030

Symbol: Abort_Addr
   Definitions
      At line 63 in file ..\..\common\src\BSP\Driver\Source\startup_NUC970.s
   Uses
      At line 48 in file ..\..\common\src\BSP\Driver\Source\startup_NUC970.s
Comment: Abort_Addr used once
Abort_Handler 0000004C

Symbol: Abort_Handler
   Definitions
      At line 84 in file ..\..\common\src\BSP\Driver\Source\startup_NUC970.s
   Uses
      At line 63 in file ..\..\common\src\BSP\Driver\Source\startup_NUC970.s
      At line 85 in file ..\..\common\src\BSP\Driver\Source\startup_NUC970.s

FIQ_Addr 0000003C

Symbol: FIQ_Addr
   Definitions
      At line 66 in file ..\..\common\src\BSP\Driver\Source\startup_NUC970.s
   Uses
      At line 51 in file ..\..\common\src\BSP\Driver\Source\startup_NUC970.s
Comment: FIQ_Addr used once
FIQ_Handler 00000050

Symbol: FIQ_Handler
   Definitions
      At line 90 in file ..\..\common\src\BSP\Driver\Source\startup_NUC970.s
   Uses
      At line 66 in file ..\..\common\src\BSP\Driver\Source\startup_NUC970.s
      At line 91 in file ..\..\common\src\BSP\Driver\Source\startup_NUC970.s

IRQ_Addr 00000038

Symbol: IRQ_Addr
   Definitions
      At line 65 in file ..\..\common\src\BSP\Driver\Source\startup_NUC970.s
   Uses
      At line 50 in file ..\..\common\src\BSP\Driver\Source\startup_NUC970.s
Comment: IRQ_Addr used once
NUC_INIT 00000000

Symbol: NUC_INIT
   Definitions
      At line 9 in file ..\..\common\src\BSP\Driver\Source\startup_NUC970.s
   Uses
      None
Comment: NUC_INIT unused
Prefetch_Addr 0000002C

Symbol: Prefetch_Addr
   Definitions
      At line 62 in file ..\..\common\src\BSP\Driver\Source\startup_NUC970.s
   Uses
      At line 47 in file ..\..\common\src\BSP\Driver\Source\startup_NUC970.s
Comment: Prefetch_Addr used once
Prefetch_Handler 00000048



ARM Macro Assembler    Page 2 Alphabetic symbol ordering
Relocatable symbols


Symbol: Prefetch_Handler
   Definitions
      At line 82 in file ..\..\common\src\BSP\Driver\Source\startup_NUC970.s
   Uses
      At line 62 in file ..\..\common\src\BSP\Driver\Source\startup_NUC970.s
      At line 83 in file ..\..\common\src\BSP\Driver\Source\startup_NUC970.s

Reset_Addr 00000020

Symbol: Reset_Addr
   Definitions
      At line 58 in file ..\..\common\src\BSP\Driver\Source\startup_NUC970.s
   Uses
      None
Comment: Reset_Addr unused
Reset_Go 00000054

Symbol: Reset_Go
   Definitions
      At line 94 in file ..\..\common\src\BSP\Driver\Source\startup_NUC970.s
   Uses
      At line 40 in file ..\..\common\src\BSP\Driver\Source\startup_NUC970.s
      At line 44 in file ..\..\common\src\BSP\Driver\Source\startup_NUC970.s
      At line 58 in file ..\..\common\src\BSP\Driver\Source\startup_NUC970.s

SWI_Addr 00000028

Symbol: SWI_Addr
   Definitions
      At line 60 in file ..\..\common\src\BSP\Driver\Source\startup_NUC970.s
   Uses
      At line 46 in file ..\..\common\src\BSP\Driver\Source\startup_NUC970.s
Comment: SWI_Addr used once
SWI_Handler1 00000044

Symbol: SWI_Handler1
   Definitions
      At line 78 in file ..\..\common\src\BSP\Driver\Source\startup_NUC970.s
   Uses
      At line 79 in file ..\..\common\src\BSP\Driver\Source\startup_NUC970.s
Comment: SWI_Handler1 used once
Undefined_Addr 00000024

Symbol: Undefined_Addr
   Definitions
      At line 59 in file ..\..\common\src\BSP\Driver\Source\startup_NUC970.s
   Uses
      At line 45 in file ..\..\common\src\BSP\Driver\Source\startup_NUC970.s
Comment: Undefined_Addr used once
Undefined_Handler 00000040

Symbol: Undefined_Handler
   Definitions
      At line 76 in file ..\..\common\src\BSP\Driver\Source\startup_NUC970.s
   Uses
      At line 59 in file ..\..\common\src\BSP\Driver\Source\startup_NUC970.s
      At line 77 in file ..\..\common\src\BSP\Driver\Source\startup_NUC970.s




ARM Macro Assembler    Page 3 Alphabetic symbol ordering
Relocatable symbols

Vector_Table 00000000

Symbol: Vector_Table
   Definitions
      At line 43 in file ..\..\common\src\BSP\Driver\Source\startup_NUC970.s
   Uses
      At line 42 in file ..\..\common\src\BSP\Driver\Source\startup_NUC970.s
Comment: Vector_Table used once
15 symbols



ARM Macro Assembler    Page 1 Alphabetic symbol ordering
Absolute symbols

ABT_MODE 00000017

Symbol: ABT_MODE
   Definitions
      At line 18 in file ..\..\common\src\BSP\Driver\Source\startup_NUC970.s
   Uses
      At line 103 in file ..\..\common\src\BSP\Driver\Source\startup_NUC970.s
Comment: ABT_MODE used once
Abort_Stack 03FFFF00

Symbol: Abort_Stack
   Definitions
      At line 32 in file ..\..\common\src\BSP\Driver\Source\startup_NUC970.s
   Uses
      At line 104 in file ..\..\common\src\BSP\Driver\Source\startup_NUC970.s
Comment: Abort_Stack used once
FIQ_MODE 00000011

Symbol: FIQ_MODE
   Definitions
      At line 15 in file ..\..\common\src\BSP\Driver\Source\startup_NUC970.s
   Uses
      At line 109 in file ..\..\common\src\BSP\Driver\Source\startup_NUC970.s
Comment: FIQ_MODE used once
FIQ_Stack 03FFFE00

Symbol: FIQ_Stack
   Definitions
      At line 33 in file ..\..\common\src\BSP\Driver\Source\startup_NUC970.s
   Uses
      At line 110 in file ..\..\common\src\BSP\Driver\Source\startup_NUC970.s
Comment: FIQ_Stack used once
F_BIT 00000040

Symbol: F_BIT
   Definitions
      At line 23 in file ..\..\common\src\BSP\Driver\Source\startup_NUC970.s
   Uses
      At line 100 in file ..\..\common\src\BSP\Driver\Source\startup_NUC970.s
      At line 103 in file ..\..\common\src\BSP\Driver\Source\startup_NUC970.s
      At line 106 in file ..\..\common\src\BSP\Driver\Source\startup_NUC970.s
      At line 109 in file ..\..\common\src\BSP\Driver\Source\startup_NUC970.s
      At line 112 in file ..\..\common\src\BSP\Driver\Source\startup_NUC970.s
      At line 115 in file ..\..\common\src\BSP\Driver\Source\startup_NUC970.s

IRQ_MODE 00000012

Symbol: IRQ_MODE
   Definitions
      At line 16 in file ..\..\common\src\BSP\Driver\Source\startup_NUC970.s
   Uses
      At line 106 in file ..\..\common\src\BSP\Driver\Source\startup_NUC970.s
Comment: IRQ_MODE used once
IRQ_Stack 03FFF800

Symbol: IRQ_Stack
   Definitions
      At line 35 in file ..\..\common\src\BSP\Driver\Source\startup_NUC970.s
   Uses



ARM Macro Assembler    Page 2 Alphabetic symbol ordering
Absolute symbols

      At line 107 in file ..\..\common\src\BSP\Driver\Source\startup_NUC970.s
Comment: IRQ_Stack used once
I_BIT 00000080

Symbol: I_BIT
   Definitions
      At line 22 in file ..\..\common\src\BSP\Driver\Source\startup_NUC970.s
   Uses
      At line 100 in file ..\..\common\src\BSP\Driver\Source\startup_NUC970.s
      At line 103 in file ..\..\common\src\BSP\Driver\Source\startup_NUC970.s
      At line 106 in file ..\..\common\src\BSP\Driver\Source\startup_NUC970.s
      At line 109 in file ..\..\common\src\BSP\Driver\Source\startup_NUC970.s
      At line 112 in file ..\..\common\src\BSP\Driver\Source\startup_NUC970.s
      At line 115 in file ..\..\common\src\BSP\Driver\Source\startup_NUC970.s

RAM_Limit 04000000

Symbol: RAM_Limit
   Definitions
      At line 29 in file ..\..\common\src\BSP\Driver\Source\startup_NUC970.s
   Uses
      At line 31 in file ..\..\common\src\BSP\Driver\Source\startup_NUC970.s
      At line 32 in file ..\..\common\src\BSP\Driver\Source\startup_NUC970.s
      At line 33 in file ..\..\common\src\BSP\Driver\Source\startup_NUC970.s
      At line 34 in file ..\..\common\src\BSP\Driver\Source\startup_NUC970.s
      At line 35 in file ..\..\common\src\BSP\Driver\Source\startup_NUC970.s
      At line 36 in file ..\..\common\src\BSP\Driver\Source\startup_NUC970.s

SVC_MODE 00000013

Symbol: SVC_MODE
   Definitions
      At line 17 in file ..\..\common\src\BSP\Driver\Source\startup_NUC970.s
   Uses
      At line 115 in file ..\..\common\src\BSP\Driver\Source\startup_NUC970.s
Comment: SVC_MODE used once
SVC_Stack 03FFFC00

Symbol: SVC_Stack
   Definitions
      At line 34 in file ..\..\common\src\BSP\Driver\Source\startup_NUC970.s
   Uses
      At line 116 in file ..\..\common\src\BSP\Driver\Source\startup_NUC970.s
Comment: SVC_Stack used once
SYS_MODE 0000001F

Symbol: SYS_MODE
   Definitions
      At line 20 in file ..\..\common\src\BSP\Driver\Source\startup_NUC970.s
   Uses
      At line 112 in file ..\..\common\src\BSP\Driver\Source\startup_NUC970.s
Comment: SYS_MODE used once
UDF_MODE 0000001B

Symbol: UDF_MODE
   Definitions
      At line 19 in file ..\..\common\src\BSP\Driver\Source\startup_NUC970.s
   Uses
      At line 100 in file ..\..\common\src\BSP\Driver\Source\startup_NUC970.s



ARM Macro Assembler    Page 3 Alphabetic symbol ordering
Absolute symbols

Comment: UDF_MODE used once
UND_Stack 04000000

Symbol: UND_Stack
   Definitions
      At line 31 in file ..\..\common\src\BSP\Driver\Source\startup_NUC970.s
   Uses
      At line 101 in file ..\..\common\src\BSP\Driver\Source\startup_NUC970.s
Comment: UND_Stack used once
USR_MODE 00000010

Symbol: USR_MODE
   Definitions
      At line 14 in file ..\..\common\src\BSP\Driver\Source\startup_NUC970.s
   Uses
      None
Comment: USR_MODE unused
USR_Stack 03FFD800

Symbol: USR_Stack
   Definitions
      At line 36 in file ..\..\common\src\BSP\Driver\Source\startup_NUC970.s
   Uses
      At line 113 in file ..\..\common\src\BSP\Driver\Source\startup_NUC970.s
Comment: USR_Stack used once
16 symbols



ARM Macro Assembler    Page 1 Alphabetic symbol ordering
External symbols

__main 00000000

Symbol: __main
   Definitions
      At line 126 in file ..\..\common\src\BSP\Driver\Source\startup_NUC970.s
   Uses
      At line 130 in file ..\..\common\src\BSP\Driver\Source\startup_NUC970.s
Comment: __main used once
vFreeRTOS_ISR 00000000

Symbol: vFreeRTOS_ISR
   Definitions
      At line 55 in file ..\..\common\src\BSP\Driver\Source\startup_NUC970.s
   Uses
      At line 65 in file ..\..\common\src\BSP\Driver\Source\startup_NUC970.s
Comment: vFreeRTOS_ISR used once
vPortYieldProcessor 00000000

Symbol: vPortYieldProcessor
   Definitions
      At line 54 in file ..\..\common\src\BSP\Driver\Source\startup_NUC970.s
   Uses
      At line 60 in file ..\..\common\src\BSP\Driver\Source\startup_NUC970.s
Comment: vPortYieldProcessor used once
3 symbols
366 symbols in table
