


ARM Macro Assembler    Page 1 


    1 00000000         ;/******************************************************
                       *********************
    2 00000000         ; *                                                     
                                           *
    3 00000000         ; * Copyright (c) 2015 Nuvoton Technology. All rights re
                       served.             *
    4 00000000         ; *                                                     
                                           *
    5 00000000         ; ******************************************************
                       *********************/
    6 00000000         ;
    7 00000000         ;Stack_Size      EQU     0x4000000
    8 00000000         ;Stack_Mem       EQU     0x1000000
    9 00000000         ;Heap_Size       EQU     0x1000000
   10 00000000         ;Heap_Mem        EQU     0x1000000
   11 00000000         
   12 00000000                 AREA             SYS_INIT, CODE, READONLY
   13 00000000         
   14 00000000                 EXPORT           sysSetupCP15
   15 00000000                 EXPORT           sys_flush_and_clean_dcache
   16 00000000         ;    EXPORT  __user_setup_stackheap
   17 00000000         
   18 00000000         sysSetupCP15
   19 00000000         
   20 00000000 E1A01000        MOV              r1, r0      ; _mmuSectionTable
   21 00000004 EE021F10        MCR              p15, 0, r1, c2, c0, 0 ; write t
                                                            ranslation table ba
                                                            se register c2
   22 00000008         
   23 00000008 E3A01101        MOV              r1, #0x40000000
   24 0000000C EE031F10        MCR              p15, 0, r1, c3, c0, 0 ; domain 
                                                            access control regi
                                                            ster c3
   25 00000010         
   26 00000010 EE111F10        MRC              p15, 0, r1, c1, c0, 0 ; read co
                                                            ntrol register c1
   27 00000014 E3811A01        ORR              r1, r1, #0x1000 ; set enable ic
                                                            ache bit
   28 00000018 E3811005        ORR              r1, r1, #0x5 ; set enable dcach
                                                            e and MMU bits
   29 0000001C EE011F10        MCR              p15, 0, r1, c1, c0, 0 ; write c
                                                            ontrol regiser c1
   30 00000020         
   31 00000020 E12FFF1E        BX               r14
   32 00000024         
   33 00000024         sys_flush_and_clean_dcache
   34 00000024         
   35 00000024         tci_loop
   36 00000024 EE17FF7E        MRC              p15, 0, r15, c7, c14, 3 ; test 
                                                            clean and invalidat
                                                            e
   37 00000028 1AFFFFFD        BNE              tci_loop
   38 0000002C         
   39 0000002C E12FFF1E        BX               r14
   40 00000030         
   41 00000030         
   42 00000030         ;__user_setup_stackheap
   43 00000030         ; 
   44 00000030         ;   LDR     R0, =  Heap_Mem



ARM Macro Assembler    Page 2 


   45 00000030         ;   LDR     R1, =(Stack_Mem + Stack_Size)
   46 00000030         ;   LDR     R2, = (Heap_Mem +  Heap_Size)
   47 00000030         ;   LDR     R3, = Stack_Mem
   48 00000030         ;   BX      LR
   49 00000030         
   50 00000030                 END
Command Line: --debug --xref --cpu=ARM926EJ-S --apcs=interwork --depend=.\obj\s
ys_nuc970.d -o.\obj\sys_nuc970.o -IC:\Keil\ARM\RV31\INC -IC:\Keil\ARM\CMSIS\Inc
lude -IC:\Keil\ARM\Inc\Toshiba --list=.\lst\sys_nuc970.lst ..\..\common\src\BSP
\Driver\Source\sys_nuc970.s



ARM Macro Assembler    Page 1 Alphabetic symbol ordering
Relocatable symbols

SYS_INIT 00000000

Symbol: SYS_INIT
   Definitions
      At line 12 in file ..\..\common\src\BSP\Driver\Source\sys_nuc970.s
   Uses
      None
Comment: SYS_INIT unused
sysSetupCP15 00000000

Symbol: sysSetupCP15
   Definitions
      At line 18 in file ..\..\common\src\BSP\Driver\Source\sys_nuc970.s
   Uses
      At line 14 in file ..\..\common\src\BSP\Driver\Source\sys_nuc970.s
Comment: sysSetupCP15 used once
sys_flush_and_clean_dcache 00000024

Symbol: sys_flush_and_clean_dcache
   Definitions
      At line 33 in file ..\..\common\src\BSP\Driver\Source\sys_nuc970.s
   Uses
      At line 15 in file ..\..\common\src\BSP\Driver\Source\sys_nuc970.s
Comment: sys_flush_and_clean_dcache used once
tci_loop 00000024

Symbol: tci_loop
   Definitions
      At line 35 in file ..\..\common\src\BSP\Driver\Source\sys_nuc970.s
   Uses
      At line 37 in file ..\..\common\src\BSP\Driver\Source\sys_nuc970.s
Comment: tci_loop used once
4 symbols
334 symbols in table
